<?xml version="1.0" encoding="UTF-8"?>
<!-- Generated by org.testng.reporters.JUnitReportReporter -->
<testsuite hostname="Julianda" failures="0" tests="1" name="TestCases.test_Login" time="43.351" errors="0" timestamp="08 Nov 2023 09:23:51 GMT" skipped="0">
  <testcase classname="TestCases.test_Login" name="test_login" time="43.351"/>
</testsuite> <!-- TestCases.test_Login -->
